<?xml version="1.0" encoding="utf-8"?><testsuites name="pytest tests"><testsuite name="pytest" errors="0" failures="0" skipped="0" tests="140" time="788.913" timestamp="2026-02-08T18:39:34.871827+00:00" hostname="LAPTOP-KOJV5Q27"><testcase classname="tests.nexus_harness.test_consent_verification" name="test_consent_positive[UC-CONSENT-0001]" time="13.951" /><testcase classname="tests.nexus_harness.test_consent_verification" name="test_consent_positive[UC-CONSENT-0006]" time="7.222" /><testcase classname="tests.nexus_harness.test_consent_verification" name="test_consent_positive[UC-CONSENT-0007]" time="9.752" /><testcase classname="tests.nexus_harness.test_consent_verification" name="test_consent_positive[UC-CONSENT-0011]" time="7.350" /><testcase classname="tests.nexus_harness.test_consent_verification" name="test_consent_positive[UC-CONSENT-0012]" time="11.216" /><testcase classname="tests.nexus_harness.test_consent_verification" name="test_consent_positive[UC-CONSENT-0013]" time="15.802" /><testcase classname="tests.nexus_harness.test_consent_verification" name="test_consent_positive[UC-CONSENT-0014]" time="9.274" /><testcase classname="tests.nexus_harness.test_consent_verification" name="test_consent_positive[UC-CONSENT-0015]" time="8.750" /><testcase classname="tests.nexus_harness.test_consent_verification" name="test_consent_positive[UC-CONSENT-0016]" time="8.531" /><testcase classname="tests.nexus_harness.test_consent_verification" name="test_consent_positive[UC-CONSENT-0017]" time="6.518" /><testcase classname="tests.nexus_harness.test_consent_verification" name="test_consent_negative[UC-CONSENT-0002]" time="3.933" /><testcase classname="tests.nexus_harness.test_consent_verification" name="test_consent_negative[UC-CONSENT-0003]" time="3.192" /><testcase classname="tests.nexus_harness.test_consent_verification" name="test_consent_negative[UC-CONSENT-0005]" time="3.471" /><testcase classname="tests.nexus_harness.test_consent_verification" name="test_consent_negative[UC-CONSENT-0008]" time="2.568" /><testcase classname="tests.nexus_harness.test_consent_verification" name="test_consent_negative[UC-CONSENT-0009]" time="3.344" /><testcase classname="tests.nexus_harness.test_consent_verification" name="test_consent_negative[UC-CONSENT-0018]" time="4.096" /><testcase classname="tests.nexus_harness.test_consent_verification" name="test_consent_negative[UC-CONSENT-0021]" time="5.828" /><testcase classname="tests.nexus_harness.test_consent_verification" name="test_consent_negative[UC-CONSENT-0023]" time="4.890" /><testcase classname="tests.nexus_harness.test_consent_verification" name="test_consent_negative[UC-CONSENT-0024]" time="6.014" /><testcase classname="tests.nexus_harness.test_consent_verification" name="test_consent_negative[UC-CONSENT-0025]" time="5.223" /><testcase classname="tests.nexus_harness.test_ed_triage" name="test_ed_triage_positive[UC-ED-0001]" time="20.428" /><testcase classname="tests.nexus_harness.test_ed_triage" name="test_ed_triage_positive[UC-ED-0002]" time="17.223" /><testcase classname="tests.nexus_harness.test_ed_triage" name="test_ed_triage_positive[UC-ED-0004]" time="11.640" /><testcase classname="tests.nexus_harness.test_ed_triage" name="test_ed_triage_positive[UC-ED-0007]" time="12.071" /><testcase classname="tests.nexus_harness.test_ed_triage" name="test_ed_triage_positive[UC-ED-0008]" time="18.707" /><testcase classname="tests.nexus_harness.test_ed_triage" name="test_ed_triage_positive[UC-ED-0009]" time="8.073" /><testcase classname="tests.nexus_harness.test_ed_triage" name="test_ed_triage_positive[UC-ED-0010]" time="9.688" /><testcase classname="tests.nexus_harness.test_ed_triage" name="test_ed_triage_positive[UC-ED-0011]" time="18.618" /><testcase classname="tests.nexus_harness.test_ed_triage" name="test_ed_triage_positive[UC-ED-0013]" time="14.631" /><testcase classname="tests.nexus_harness.test_ed_triage" name="test_ed_triage_positive[UC-ED-0016]" time="16.134" /><testcase classname="tests.nexus_harness.test_ed_triage" name="test_ed_triage_negative[UC-ED-0003]" time="12.880" /><testcase classname="tests.nexus_harness.test_ed_triage" name="test_ed_triage_negative[UC-ED-0005]" time="5.293" /><testcase classname="tests.nexus_harness.test_ed_triage" name="test_ed_triage_negative[UC-ED-0006]" time="10.438" /><testcase classname="tests.nexus_harness.test_ed_triage" name="test_ed_triage_negative[UC-ED-0015]" time="4.136" /><testcase classname="tests.nexus_harness.test_ed_triage" name="test_ed_triage_negative[UC-ED-0018]" time="2.252" /><testcase classname="tests.nexus_harness.test_ed_triage" name="test_ed_triage_negative[UC-ED-0030]" time="4.318" /><testcase classname="tests.nexus_harness.test_ed_triage" name="test_ed_triage_negative[UC-ED-0031]" time="5.544" /><testcase classname="tests.nexus_harness.test_ed_triage" name="test_ed_triage_negative[UC-ED-0044]" time="4.297" /><testcase classname="tests.nexus_harness.test_ed_triage" name="test_ed_triage_negative[UC-ED-0045]" time="5.889" /><testcase classname="tests.nexus_harness.test_ed_triage" name="test_ed_triage_negative[UC-ED-0048]" time="7.704" /><testcase classname="tests.nexus_harness.test_protocol_core" name="test_core_positive[UC-PROT-CORE-0001]" time="3.297" /><testcase classname="tests.nexus_harness.test_protocol_core" name="test_core_positive[UC-PROT-CORE-0002]" time="6.567" /><testcase classname="tests.nexus_harness.test_protocol_core" name="test_core_positive[UC-PROT-CORE-0003]" time="4.832" /><testcase classname="tests.nexus_harness.test_protocol_core" name="test_core_positive[UC-PROT-CORE-0004]" time="2.765" /><testcase classname="tests.nexus_harness.test_protocol_core" name="test_core_positive[UC-PROT-CORE-0005]" time="4.797" /><testcase classname="tests.nexus_harness.test_protocol_core" name="test_core_positive[UC-PROT-CORE-0007]" time="4.006" /><testcase classname="tests.nexus_harness.test_protocol_core" name="test_core_positive[UC-PROT-CORE-0008]" time="2.577" /><testcase classname="tests.nexus_harness.test_protocol_core" name="test_core_positive[UC-PROT-CORE-0009]" time="2.760" /><testcase classname="tests.nexus_harness.test_protocol_core" name="test_core_positive[UC-PROT-CORE-0010]" time="2.936" /><testcase classname="tests.nexus_harness.test_protocol_core" name="test_core_positive[UC-PROT-CORE-0011]" time="2.827" /><testcase classname="tests.nexus_harness.test_protocol_core" name="test_core_negative[UC-PROT-CORE-0013]" time="2.951" /><testcase classname="tests.nexus_harness.test_protocol_core" name="test_core_negative[UC-PROT-CORE-0028]" time="4.255" /><testcase classname="tests.nexus_harness.test_protocol_core" name="test_core_negative[UC-PROT-CORE-0029]" time="3.594" /><testcase classname="tests.nexus_harness.test_protocol_core" name="test_core_negative[UC-PROT-CORE-0030]" time="3.395" /><testcase classname="tests.nexus_harness.test_protocol_core" name="test_core_negative[UC-PROT-CORE-0031]" time="4.792" /><testcase classname="tests.nexus_harness.test_protocol_core" name="test_core_negative[UC-PROT-CORE-0032]" time="3.737" /><testcase classname="tests.nexus_harness.test_protocol_core" name="test_core_negative[UC-PROT-CORE-0036]" time="3.247" /><testcase classname="tests.nexus_harness.test_protocol_core" name="test_core_negative[UC-PROT-CORE-0043]" time="2.066" /><testcase classname="tests.nexus_harness.test_protocol_core" name="test_core_negative[UC-PROT-CORE-0050]" time="1.290" /><testcase classname="tests.nexus_harness.test_protocol_core" name="test_core_negative[UC-PROT-CORE-0053]" time="2.033" /><testcase classname="tests.nexus_harness.test_protocol_multitransport" name="test_multitransport_positive[UC-PROT-MULTI-0001]" time="1.349" /><testcase classname="tests.nexus_harness.test_protocol_multitransport" name="test_multitransport_positive[UC-PROT-MULTI-0003]" time="1.309" /><testcase classname="tests.nexus_harness.test_protocol_multitransport" name="test_multitransport_positive[UC-PROT-MULTI-0006]" time="1.903" /><testcase classname="tests.nexus_harness.test_protocol_multitransport" name="test_multitransport_positive[UC-PROT-MULTI-0007]" time="4.634" /><testcase classname="tests.nexus_harness.test_protocol_multitransport" name="test_multitransport_positive[UC-PROT-MULTI-0008]" time="3.592" /><testcase classname="tests.nexus_harness.test_protocol_multitransport" name="test_multitransport_positive[UC-PROT-MULTI-0011]" time="4.018" /><testcase classname="tests.nexus_harness.test_protocol_multitransport" name="test_multitransport_positive[UC-PROT-MULTI-0012]" time="3.313" /><testcase classname="tests.nexus_harness.test_protocol_multitransport" name="test_multitransport_positive[UC-PROT-MULTI-0013]" time="3.735" /><testcase classname="tests.nexus_harness.test_protocol_multitransport" name="test_multitransport_positive[UC-PROT-MULTI-0017]" time="2.731" /><testcase classname="tests.nexus_harness.test_protocol_multitransport" name="test_multitransport_positive[UC-PROT-MULTI-0018]" time="2.486" /><testcase classname="tests.nexus_harness.test_protocol_multitransport" name="test_multitransport_negative[UC-PROT-MULTI-0002]" time="3.028" /><testcase classname="tests.nexus_harness.test_protocol_multitransport" name="test_multitransport_negative[UC-PROT-MULTI-0004]" time="1.582" /><testcase classname="tests.nexus_harness.test_protocol_multitransport" name="test_multitransport_negative[UC-PROT-MULTI-0010]" time="2.061" /><testcase classname="tests.nexus_harness.test_protocol_multitransport" name="test_multitransport_negative[UC-PROT-MULTI-0014]" time="2.088" /><testcase classname="tests.nexus_harness.test_protocol_multitransport" name="test_multitransport_negative[UC-PROT-MULTI-0015]" time="1.198" /><testcase classname="tests.nexus_harness.test_protocol_multitransport" name="test_multitransport_negative[UC-PROT-MULTI-0020]" time="3.184" /><testcase classname="tests.nexus_harness.test_protocol_multitransport" name="test_multitransport_negative[UC-PROT-MULTI-0024]" time="1.118" /><testcase classname="tests.nexus_harness.test_protocol_multitransport" name="test_multitransport_negative[UC-PROT-MULTI-0028]" time="1.417" /><testcase classname="tests.nexus_harness.test_protocol_multitransport" name="test_multitransport_negative[UC-PROT-MULTI-0033]" time="1.481" /><testcase classname="tests.nexus_harness.test_protocol_multitransport" name="test_multitransport_negative[UC-PROT-MULTI-0036]" time="2.962" /><testcase classname="tests.nexus_harness.test_protocol_streaming" name="test_streaming_positive[UC-PROT-STREAM-0002]" time="2.955" /><testcase classname="tests.nexus_harness.test_protocol_streaming" name="test_streaming_positive[UC-PROT-STREAM-0003]" time="20.273" /><testcase classname="tests.nexus_harness.test_protocol_streaming" name="test_streaming_positive[UC-PROT-STREAM-0004]" time="3.447" /><testcase classname="tests.nexus_harness.test_protocol_streaming" name="test_streaming_positive[UC-PROT-STREAM-0006]" time="2.598" /><testcase classname="tests.nexus_harness.test_protocol_streaming" name="test_streaming_positive[UC-PROT-STREAM-0007]" time="4.272" /><testcase classname="tests.nexus_harness.test_protocol_streaming" name="test_streaming_positive[UC-PROT-STREAM-0010]" time="3.036" /><testcase classname="tests.nexus_harness.test_protocol_streaming" name="test_streaming_positive[UC-PROT-STREAM-0011]" time="3.368" /><testcase classname="tests.nexus_harness.test_protocol_streaming" name="test_streaming_positive[UC-PROT-STREAM-0014]" time="4.678" /><testcase classname="tests.nexus_harness.test_protocol_streaming" name="test_streaming_positive[UC-PROT-STREAM-0015]" time="6.454" /><testcase classname="tests.nexus_harness.test_protocol_streaming" name="test_streaming_positive[UC-PROT-STREAM-0018]" time="4.639" /><testcase classname="tests.nexus_harness.test_protocol_streaming" name="test_streaming_negative[UC-PROT-STREAM-0005]" time="5.584" /><testcase classname="tests.nexus_harness.test_protocol_streaming" name="test_streaming_negative[UC-PROT-STREAM-0008]" time="4.853" /><testcase classname="tests.nexus_harness.test_protocol_streaming" name="test_streaming_negative[UC-PROT-STREAM-0009]" time="4.624" /><testcase classname="tests.nexus_harness.test_protocol_streaming" name="test_streaming_negative[UC-PROT-STREAM-0012]" time="4.658" /><testcase classname="tests.nexus_harness.test_protocol_streaming" name="test_streaming_negative[UC-PROT-STREAM-0013]" time="5.013" /><testcase classname="tests.nexus_harness.test_protocol_streaming" name="test_streaming_negative[UC-PROT-STREAM-0016]" time="2.324" /><testcase classname="tests.nexus_harness.test_protocol_streaming" name="test_streaming_negative[UC-PROT-STREAM-0017]" time="3.473" /><testcase classname="tests.nexus_harness.test_protocol_streaming" name="test_streaming_negative[UC-PROT-STREAM-0027]" time="1.468" /><testcase classname="tests.nexus_harness.test_protocol_streaming" name="test_streaming_negative[UC-PROT-STREAM-0029]" time="2.592" /><testcase classname="tests.nexus_harness.test_protocol_streaming" name="test_streaming_negative[UC-PROT-STREAM-0037]" time="1.519" /><testcase classname="tests.nexus_harness.test_public_health_surveillance" name="test_surveillance_positive[UC-SURV-0001]" time="8.666" /><testcase classname="tests.nexus_harness.test_public_health_surveillance" name="test_surveillance_positive[UC-SURV-0002]" time="4.521" /><testcase classname="tests.nexus_harness.test_public_health_surveillance" name="test_surveillance_positive[UC-SURV-0005]" time="7.156" /><testcase classname="tests.nexus_harness.test_public_health_surveillance" name="test_surveillance_positive[UC-SURV-0006]" time="3.917" /><testcase classname="tests.nexus_harness.test_public_health_surveillance" name="test_surveillance_positive[UC-SURV-0007]" time="3.939" /><testcase classname="tests.nexus_harness.test_public_health_surveillance" name="test_surveillance_positive[UC-SURV-0009]" time="2.674" /><testcase classname="tests.nexus_harness.test_public_health_surveillance" name="test_surveillance_positive[UC-SURV-0010]" time="1.865" /><testcase classname="tests.nexus_harness.test_public_health_surveillance" name="test_surveillance_positive[UC-SURV-0015]" time="1.653" /><testcase classname="tests.nexus_harness.test_public_health_surveillance" name="test_surveillance_positive[UC-SURV-0016]" time="2.725" /><testcase classname="tests.nexus_harness.test_public_health_surveillance" name="test_surveillance_positive[UC-SURV-0017]" time="2.729" /><testcase classname="tests.nexus_harness.test_public_health_surveillance" name="test_surveillance_negative[UC-SURV-0004]" time="3.123" /><testcase classname="tests.nexus_harness.test_public_health_surveillance" name="test_surveillance_negative[UC-SURV-0011]" time="2.884" /><testcase classname="tests.nexus_harness.test_public_health_surveillance" name="test_surveillance_negative[UC-SURV-0018]" time="3.140" /><testcase classname="tests.nexus_harness.test_public_health_surveillance" name="test_surveillance_negative[UC-SURV-0019]" time="2.175" /><testcase classname="tests.nexus_harness.test_public_health_surveillance" name="test_surveillance_negative[UC-SURV-0020]" time="2.621" /><testcase classname="tests.nexus_harness.test_public_health_surveillance" name="test_surveillance_negative[UC-SURV-0026]" time="2.537" /><testcase classname="tests.nexus_harness.test_public_health_surveillance" name="test_surveillance_negative[UC-SURV-0027]" time="3.245" /><testcase classname="tests.nexus_harness.test_public_health_surveillance" name="test_surveillance_negative[UC-SURV-0035]" time="3.970" /><testcase classname="tests.nexus_harness.test_public_health_surveillance" name="test_surveillance_negative[UC-SURV-0038]" time="2.075" /><testcase classname="tests.nexus_harness.test_public_health_surveillance" name="test_surveillance_negative[UC-SURV-0040]" time="1.634" /><testcase classname="tests.nexus_harness.test_telemed_scribe" name="test_scribe_positive[UC-SCRIBE-0003]" time="22.686" /><testcase classname="tests.nexus_harness.test_telemed_scribe" name="test_scribe_positive[UC-SCRIBE-0004]" time="7.370" /><testcase classname="tests.nexus_harness.test_telemed_scribe" name="test_scribe_positive[UC-SCRIBE-0005]" time="9.112" /><testcase classname="tests.nexus_harness.test_telemed_scribe" name="test_scribe_positive[UC-SCRIBE-0008]" time="9.377" /><testcase classname="tests.nexus_harness.test_telemed_scribe" name="test_scribe_positive[UC-SCRIBE-0009]" time="9.136" /><testcase classname="tests.nexus_harness.test_telemed_scribe" name="test_scribe_positive[UC-SCRIBE-0010]" time="8.722" /><testcase classname="tests.nexus_harness.test_telemed_scribe" name="test_scribe_positive[UC-SCRIBE-0011]" time="7.665" /><testcase classname="tests.nexus_harness.test_telemed_scribe" name="test_scribe_positive[UC-SCRIBE-0012]" time="6.778" /><testcase classname="tests.nexus_harness.test_telemed_scribe" name="test_scribe_positive[UC-SCRIBE-0013]" time="6.941" /><testcase classname="tests.nexus_harness.test_telemed_scribe" name="test_scribe_positive[UC-SCRIBE-0014]" time="6.689" /><testcase classname="tests.nexus_harness.test_telemed_scribe" name="test_scribe_negative[UC-SCRIBE-0002]" time="6.777" /><testcase classname="tests.nexus_harness.test_telemed_scribe" name="test_scribe_negative[UC-SCRIBE-0006]" time="3.012" /><testcase classname="tests.nexus_harness.test_telemed_scribe" name="test_scribe_negative[UC-SCRIBE-0007]" time="5.756" /><testcase classname="tests.nexus_harness.test_telemed_scribe" name="test_scribe_negative[UC-SCRIBE-0016]" time="6.682" /><testcase classname="tests.nexus_harness.test_telemed_scribe" name="test_scribe_negative[UC-SCRIBE-0019]" time="8.743" /><testcase classname="tests.nexus_harness.test_telemed_scribe" name="test_scribe_negative[UC-SCRIBE-0022]" time="5.543" /><testcase classname="tests.nexus_harness.test_telemed_scribe" name="test_scribe_negative[UC-SCRIBE-0024]" time="5.735" /><testcase classname="tests.nexus_harness.test_telemed_scribe" name="test_scribe_negative[UC-SCRIBE-0025]" time="4.096" /><testcase classname="tests.nexus_harness.test_telemed_scribe" name="test_scribe_negative[UC-SCRIBE-0026]" time="7.571" /><testcase classname="tests.nexus_harness.test_telemed_scribe" name="test_scribe_negative[UC-SCRIBE-0030]" time="3.694" /></testsuite></testsuites>